<?xml version="1.0" encoding="UTF-8"?>
<!-- Generated by org.testng.reporters.JUnitReportReporter -->
<testsuite hostname="Udits-Air.hsd1.il.comcast.net" failures="0" tests="1" name="JavaStreamAutomate.JavaStream" time="0.010" errors="0" timestamp="2022-12-09T01:11:35 CST" skipped="0">
  <testcase classname="JavaStreamAutomate.JavaStream" name="streamCollect" time="0.010"/>
  <system-out/>
</testsuite> <!-- JavaStreamAutomate.JavaStream -->
